<?xml version="1.0" encoding="UTF-8"?>
<!-- Generated by org.testng.reporters.JUnitReportReporter -->
<testsuite hostname="LAPTOP-H2F0LVSP" failures="0" tests="5" name="com.salesforce.qa.test.LeadTest" time="56.427" errors="0" timestamp="2024-05-29T03:07:56 EDT" skipped="0">
  <testcase classname="com.salesforce.qa.test.LeadTest" name="checkNewButtononLeadHome" time="14.592"/>
  <testcase classname="com.salesforce.qa.test.LeadTest" name="leadsSelectView" time="9.391"/>
  <testcase classname="com.salesforce.qa.test.LeadTest" name="testLeadTabLink" time="8.344"/>
  <testcase classname="com.salesforce.qa.test.LeadTest" name="testGoButton" time="12.349"/>
  <testcase classname="com.salesforce.qa.test.LeadTest" name="listItemOfTodayLeads" time="11.751"/>
</testsuite> <!-- com.salesforce.qa.test.LeadTest -->
