<?xml version="1.0" encoding="UTF-8"?>
<!-- Generated by org.testng.reporters.JUnitReportReporter -->
<testsuite hostname="LAPTOP-H2F0LVSP" failures="0" tests="7" name="com.salesforce.qa.test.UserMenuTest" time="89.814" errors="0" timestamp="2024-05-07T01:54:56 EDT" skipped="0">
  <testcase classname="com.salesforce.qa.test.UserMenuTest" name="LogoutOfTheProfile" time="6.590"/>
  <testcase classname="com.salesforce.qa.test.UserMenuTest" name="selectMyProfileOption" time="39.016"/>
  <testcase classname="com.salesforce.qa.test.UserMenuTest" name="UserMenuDropDisplay" time="5.989"/>
  <testcase classname="com.salesforce.qa.test.UserMenuTest" name="selectDeveloperConsole" time="5.466"/>
  <testcase classname="com.salesforce.qa.test.UserMenuTest" name="getAllOperationOFMySetting" time="8.134"/>
  <testcase classname="com.salesforce.qa.test.UserMenuTest" name="configureOFMyTabs" time="15.480"/>
  <testcase classname="com.salesforce.qa.test.UserMenuTest" name="EmailSetting" time="9.139"/>
</testsuite> <!-- com.salesforce.qa.test.UserMenuTest -->
