<?xml version="1.0" encoding="UTF-8"?>
<!-- Generated by org.testng.reporters.JUnitReportReporter -->
<testsuite hostname="LAPTOP-H2F0LVSP" failures="0" tests="1" name="com.salesforce.qa.test.AccountTest" time="10.343" errors="0" timestamp="2024-05-27T20:34:31 EDT" skipped="0">
  <testcase classname="com.salesforce.qa.test.AccountTest" name="mergeAccount" time="10.343"/>
</testsuite> <!-- com.salesforce.qa.test.AccountTest -->
