<?xml version="1.0" encoding="UTF-8"?>
<!-- Generated by org.testng.reporters.JUnitReportReporter -->
<testsuite hostname="LAPTOP-H2F0LVSP" failures="0" tests="1" name="com.amazon.qa.test.ConvertUSInToDriverTest" time="41.745" errors="0" timestamp="2024-05-06T17:49:04 EDT" skipped="0">
  <testcase classname="com.amazon.qa.test.ConvertUSInToDriverTest" name="convertUSIntoINR" time="41.745"/>
</testsuite> <!-- com.amazon.qa.test.ConvertUSInToDriverTest -->
