<?xml version="1.0" encoding="UTF-8"?>
<!-- Generated by org.testng.reporters.JUnitReportReporter -->
<testsuite hostname="LAPTOP-H2F0LVSP" failures="0" tests="1" name="com.amazon.qa.test.SearchScript" time="15.939" errors="0" timestamp="2024-05-06T01:28:58 EDT" skipped="0">
  <testcase classname="com.amazon.qa.test.SearchScript" name="verifyTheItemIsPresentOrNot" time="15.939"/>
</testsuite> <!-- com.amazon.qa.test.SearchScript -->
