<?xml version="1.0" encoding="UTF-8"?>
<!-- Generated by org.testng.reporters.JUnitReportReporter -->
<testsuite hostname="LAPTOP-H2F0LVSP" failures="0" tests="1" name="com.amazon.qa.test.BrokenLinkScript" time="4.844" errors="0" timestamp="2024-05-06T18:06:57 EDT" skipped="0">
  <testcase classname="com.amazon.qa.test.BrokenLinkScript" name="findBrokenLink" time="4.844"/>
</testsuite> <!-- com.amazon.qa.test.BrokenLinkScript -->
