<?xml version="1.0" encoding="UTF-8"?>
<!-- Generated by org.testng.reporters.JUnitReportReporter -->
<testsuite hostname="LAPTOP-H2F0LVSP" failures="0" tests="8" name="com.salesforce.qa.test.ContactTest" time="80.038" errors="0" timestamp="2024-05-29T02:54:41 EDT" skipped="0">
  <testcase classname="com.salesforce.qa.test.ContactTest" name="viewAContactInContactPage" time="10.798"/>
  <testcase classname="com.salesforce.qa.test.ContactTest" name="checkSaveAndNewButtonWorking" time="11.639"/>
  <testcase classname="com.salesforce.qa.test.ContactTest" name="displayListOfRecentlyCreated" time="8.151"/>
  <testcase classname="com.salesforce.qa.test.ContactTest" name="isCancelButtonWorkingFineInCreateNewView" time="10.196"/>
  <testcase classname="com.salesforce.qa.test.ContactTest" name="createNewContact" time="11.985"/>
  <testcase classname="com.salesforce.qa.test.ContactTest" name="CreateNewviewInTheContact" time="8.779"/>
  <testcase classname="com.salesforce.qa.test.ContactTest" name="testErrorMessageOnCreateNewView" time="10.051"/>
  <testcase classname="com.salesforce.qa.test.ContactTest" name="displayListOfMyContact" time="8.439"/>
</testsuite> <!-- com.salesforce.qa.test.ContactTest -->
