<?xml version="1.0" encoding="UTF-8"?>
<!-- Generated by org.testng.reporters.JUnitReportReporter -->
<testsuite hostname="LAPTOP-H2F0LVSP" failures="0" tests="1" name="com.salesforce.qa.test.OpportunityTest" time="14.488" errors="0" timestamp="2024-05-28T00:54:27 EDT" skipped="0">
  <testcase classname="com.salesforce.qa.test.OpportunityTest" name="testQuartelySummaryReport" time="14.488"/>
</testsuite> <!-- com.salesforce.qa.test.OpportunityTest -->
