<?xml version="1.0" encoding="UTF-8"?>
<!-- Generated by org.testng.reporters.JUnitReportReporter -->
<testsuite hostname="LAPTOP-H2F0LVSP" failures="0" tests="1" name="com.salesforce.qa.test.LoginTest" time="3.442" errors="0" timestamp="2024-05-27T00:38:39 EDT" skipped="0">
  <testcase classname="com.salesforce.qa.test.LoginTest" name="forgot_Password_4B" time="3.442"/>
</testsuite> <!-- com.salesforce.qa.test.LoginTest -->
